<?xml version="1.0" encoding="UTF-8"?>
<!-- Generated by org.testng.reporters.JUnitReportReporter -->
<testsuite hostname="AM-20160126PVBP" name="SCM.front.testcase.xiadan" tests="2" failures="0" timestamp="12 Jan 2017 07:32:33 GMT" time="6.221" errors="0">
  <testcase name="order" time="1.955" classname="SCM.front.testcase.xiadan"/>
  <testcase name="buy" time="4.266" classname="SCM.front.testcase.xiadan"/>
</testsuite> <!-- SCM.front.testcase.xiadan -->
