<?xml version="1.0" encoding="UTF-8"?>
<!-- Generated by org.testng.reporters.JUnitReportReporter -->
<testsuite hostname="AM-20160126PVBP" name="SCM.TestCase.NewTest" tests="1" failures="0" timestamp="17 Jun 2016 09:07:53 GMT" time="0.202" errors="0">
  <testcase name="FP" time="0.202" classname="SCM.TestCase.NewTest"/>
</testsuite> <!-- SCM.TestCase.NewTest -->
