<?xml version="1.0" encoding="UTF-8"?>
<!-- Generated by org.testng.reporters.JUnitReportReporter -->
<testsuite hostname="AM-20160126PVBP" name="SCM.TestCase.OrderTest" tests="1" failures="0" timestamp="18 Jul 2016 05:43:28 GMT" time="6.227" errors="0">
  <testcase name="Search" time="6.227" classname="SCM.TestCase.OrderTest"/>
</testsuite> <!-- SCM.TestCase.OrderTest -->
