<?xml version="1.0" encoding="UTF-8"?>
<!-- Generated by org.testng.reporters.JUnitReportReporter -->
<testsuite hostname="AM-20160126PVBP" name="SCM.TestCase.FoodList" tests="1" failures="0" timestamp="18 Jul 2016 05:43:28 GMT" time="7.371" errors="0">
  <testcase name="foodlist" time="7.371" classname="SCM.TestCase.FoodList"/>
</testsuite> <!-- SCM.TestCase.FoodList -->
