<?xml version="1.0" encoding="UTF-8"?>
<!-- Generated by org.testng.reporters.JUnitReportReporter -->
<testsuite hostname="AM-20160126PVBP" name="SCM.front.testcase.LoginTest" tests="1" failures="0" timestamp="26 Aug 2016 01:13:55 GMT" time="1.179" errors="0">
  <testcase name="login" time="1.179" classname="SCM.front.testcase.LoginTest"/>
</testsuite> <!-- SCM.front.testcase.LoginTest -->
