<?xml version="1.0" encoding="UTF-8"?>
<!-- Generated by org.testng.reporters.JUnitReportReporter -->
<testsuite hostname="AM-20160126PVBP" name="SCM.back.TestCase.Client" tests="3" failures="0" timestamp="4 Feb 2017 02:54:18 GMT" time="4.975" errors="0">
  <testcase name="DuoResult" time="1.669" classname="SCM.back.TestCase.Client"/>
  <testcase name="three" time="2.482" classname="SCM.back.TestCase.Client"/>
  <testcase name="CompareFirstClient" time="0.824" classname="SCM.back.TestCase.Client"/>
</testsuite> <!-- SCM.back.TestCase.Client -->
