<?xml version="1.0" encoding="UTF-8"?>
<!-- Generated by org.testng.reporters.JUnitReportReporter -->
<testsuite hostname="AM-20160126PVBP" name="TestCase.TestCases" tests="2" failures="0" timestamp="16 Jun 2016 01:28:34 GMT" time="1.465" errors="0">
  <testcase name="StatusSearch" time="0.002" classname="TestCase.TestCases"/>
  <testcase name="shopNameSearch" time="1.463" classname="TestCase.TestCases"/>
</testsuite> <!-- TestCase.TestCases -->
