<?xml version="1.0" encoding="UTF-8"?>
<!-- Generated by org.testng.reporters.JUnitReportReporter -->
<testsuite hostname="AM-20160126PVBP" name="easymock.TestStudentApplication" tests="1" failures="0" timestamp="15 Jul 2016 05:02:55 GMT" time="0.027" errors="0">
  <testcase name="testdoMethod" time="0.027" classname="easymock.TestStudentApplication"/>
</testsuite> <!-- easymock.TestStudentApplication -->
