<?xml version="1.0" encoding="UTF-8"?>
<!-- Generated by org.testng.reporters.JUnitReportReporter -->
<testsuite hostname="AM-20160126PVBP" name="SCM.TestCase.QTYTest" tests="1" failures="0" timestamp="18 Jul 2016 05:54:26 GMT" time="9.943" errors="0">
  <testcase name="kuncunchaxun" time="9.943" classname="SCM.TestCase.QTYTest"/>
</testsuite> <!-- SCM.TestCase.QTYTest -->
